[2025-11-06 13:15:46] Немає SKU: Машинка Велике Місто Matchbox 1994 Lexus LS 400 Highway 1:64 Black | URL: https://retromagaz.com/product/masinka-velike-misto-matchbox-1994-lexus-ls-400-highway-164-black
[2025-11-06 13:16:20] Немає SKU: Машинка Велике Місто Matchbox 2019 Subaru Forester Off-Road 1:64 Blue | URL: https://retromagaz.com/product/masinka-velike-misto-matchbox-2019-subaru-forester-off-road-164-blue
[2025-11-06 13:16:39] Немає SKU: Контейнер Hot Wheels на 8 Машинок 1:64 HWCC8A Blue | URL: https://retromagaz.com/product/konteiner-hot-wheels-na-8-masinok-164-hwcc8a-blue
[2025-11-06 13:17:17] Немає SKU: Контейнер Hot Wheels на 28 Машинок 1:64 HWCC8C Blue | URL: https://retromagaz.com/product/konteiner-hot-wheels-na-28-masinok-164-hwcc8c-blue
[2025-11-06 13:17:38] Немає SKU: Цукерки Жувальні Hot Wheels Gummies 100g | URL: https://retromagaz.com/product/cukerki-zuvalni-hot-wheels-gummies-100g
[2025-11-06 13:17:39] Немає SKU: Машинка Велике Місто Matchbox Audi R8 Super Chase Showroom 1:64 Orange | URL: https://retromagaz.com/product/masinka-velike-misto-matchbox-audi-r8-super-chase-showroom-164-orange
[2025-11-06 13:18:28] Немає SKU: Чохол Захисний RMC Для Машинки Тематична Hot Wheels та Matchbox | URL: https://retromagaz.com/product/chokhol-zakhisniy-rmc-dlya-mashinki-tematichna-hot-wheels-clear-white-noviy
[2025-11-06 13:18:29] Немає SKU: Чохол Захисний RMC Для Машинки Premium Hot Wheels | URL: https://retromagaz.com/product/chokhol-zakhisniy-rmc-dlya-mashinki-premium-hot-wheels-clear-white-noviy
[2025-11-06 13:18:32] Немає SKU: Машинка Базова Hot Wheels в Асортименті 1:64 5785 | URL: https://retromagaz.com/product/mashinka-bazova-hot-wheels-v-asortimenti-164-1sht-noviy-1
[2025-11-06 13:18:33] Немає SKU: Чохол Захисний RMC Для Машинки Базова Hot Wheels та Matchbox | URL: https://retromagaz.com/product/chokhol-zakhisniy-rmc-dlya-mashinki-bazova-hot-wheels-clear-white-noviy
[2025-11-06 13:18:41] Немає SKU: Машинка Базова Hot Wheels в Асортименті 1:64 5785 | URL: https://retromagaz.com/product/mashinka-bazova-hot-wheels-v-asortimenti-164-1sht-noviy-1
[2025-11-06 13:18:42] Немає SKU: Чохол Захисний RMC Для Машинки Premium Hot Wheels | URL: https://retromagaz.com/product/chokhol-zakhisniy-rmc-dlya-mashinki-premium-hot-wheels-clear-white-noviy
[2025-11-06 13:18:43] Немає SKU: Чохол Захисний RMC Для Машинки Тематична Hot Wheels та Matchbox | URL: https://retromagaz.com/product/chokhol-zakhisniy-rmc-dlya-mashinki-tematichna-hot-wheels-clear-white-noviy
[2025-11-06 13:18:44] Немає SKU: Чохол Захисний RMC Для Машинки Базова Hot Wheels та Matchbox | URL: https://retromagaz.com/product/chokhol-zakhisniy-rmc-dlya-mashinki-bazova-hot-wheels-clear-white-noviy
[2025-11-06 13:18:55] Немає SKU: Напій Hot Wheels Race Drink 250ml | URL: https://retromagaz.com/product/napiy-hot-wheels-race-drink-tutti-frutti-250ml
[2025-11-06 18:31:19] Немає SKU: Машинка Велике Місто Matchbox 1994 Lexus LS 400 Highway 1:64 Black | URL: https://retromagaz.com/product/masinka-velike-misto-matchbox-1994-lexus-ls-400-highway-164-black
[2025-11-06 18:31:48] Немає SKU: Машинка Велике Місто Matchbox 2019 Subaru Forester Off-Road 1:64 Blue | URL: https://retromagaz.com/product/masinka-velike-misto-matchbox-2019-subaru-forester-off-road-164-blue
[2025-11-06 18:32:13] Немає SKU: Контейнер Hot Wheels на 8 Машинок 1:64 HWCC8A Blue | URL: https://retromagaz.com/product/konteiner-hot-wheels-na-8-masinok-164-hwcc8a-blue
[2025-11-06 18:32:47] Немає SKU: Контейнер Hot Wheels на 28 Машинок 1:64 HWCC8C Blue | URL: https://retromagaz.com/product/konteiner-hot-wheels-na-28-masinok-164-hwcc8c-blue
[2025-11-06 18:32:57] Немає SKU: Машинка Велике Місто Matchbox Audi R8 Super Chase Showroom 1:64 Orange | URL: https://retromagaz.com/product/masinka-velike-misto-matchbox-audi-r8-super-chase-showroom-164-orange
[2025-11-06 18:33:07] Немає SKU: Цукерки Жувальні Hot Wheels Gummies 100g | URL: https://retromagaz.com/product/cukerki-zuvalni-hot-wheels-gummies-100g
[2025-11-06 18:33:58] Немає SKU: Машинка Базова Hot Wheels в Асортименті 1:64 5785 | URL: https://retromagaz.com/product/mashinka-bazova-hot-wheels-v-asortimenti-164-1sht-noviy-1
[2025-11-06 18:33:59] Немає SKU: Чохол Захисний RMC Для Машинки Тематична Hot Wheels та Matchbox | URL: https://retromagaz.com/product/chokhol-zakhisniy-rmc-dlya-mashinki-tematichna-hot-wheels-clear-white-noviy
[2025-11-06 18:34:00] Немає SKU: Чохол Захисний RMC Для Машинки Premium Hot Wheels | URL: https://retromagaz.com/product/chokhol-zakhisniy-rmc-dlya-mashinki-premium-hot-wheels-clear-white-noviy
[2025-11-06 18:34:01] Немає SKU: Чохол Захисний RMC Для Машинки Базова Hot Wheels та Matchbox | URL: https://retromagaz.com/product/chokhol-zakhisniy-rmc-dlya-mashinki-bazova-hot-wheels-clear-white-noviy
[2025-11-06 18:34:08] Немає SKU: Чохол Захисний RMC Для Машинки Premium Hot Wheels | URL: https://retromagaz.com/product/chokhol-zakhisniy-rmc-dlya-mashinki-premium-hot-wheels-clear-white-noviy
[2025-11-06 18:34:11] Немає SKU: Чохол Захисний RMC Для Машинки Базова Hot Wheels та Matchbox | URL: https://retromagaz.com/product/chokhol-zakhisniy-rmc-dlya-mashinki-bazova-hot-wheels-clear-white-noviy
[2025-11-06 18:34:11] Немає SKU: Машинка Базова Hot Wheels в Асортименті 1:64 5785 | URL: https://retromagaz.com/product/mashinka-bazova-hot-wheels-v-asortimenti-164-1sht-noviy-1
[2025-11-06 18:34:11] Немає SKU: Чохол Захисний RMC Для Машинки Тематична Hot Wheels та Matchbox | URL: https://retromagaz.com/product/chokhol-zakhisniy-rmc-dlya-mashinki-tematichna-hot-wheels-clear-white-noviy
[2025-11-06 18:34:20] Немає SKU: Напій Hot Wheels Race Drink 250ml | URL: https://retromagaz.com/product/napiy-hot-wheels-race-drink-tutti-frutti-250ml
[2025-11-06 22:26:24] Немає SKU: Машинка Велике Місто Matchbox 1994 Lexus LS 400 Highway 1:64 Black | URL: https://retromagaz.com/product/masinka-velike-misto-matchbox-1994-lexus-ls-400-highway-164-black
[2025-11-07 06:33:52] Немає SKU: Контейнер Hot Wheels на 28 Машинок 1:64 HWCC8C Blue | URL: https://retromagaz.com/product/konteiner-hot-wheels-na-28-masinok-164-hwcc8c-blue
[2025-11-07 06:34:13] Немає SKU: Контейнер Hot Wheels на 8 Машинок 1:64 HWCC8A Blue | URL: https://retromagaz.com/product/konteiner-hot-wheels-na-8-masinok-164-hwcc8a-blue
[2025-11-07 06:34:24] Немає SKU: Цукерки Жувальні Hot Wheels Gummies 100g | URL: https://retromagaz.com/product/cukerki-zuvalni-hot-wheels-gummies-100g
[2025-11-07 06:35:05] Немає SKU: Чохол Захисний RMC Для Машинки Premium Hot Wheels | URL: https://retromagaz.com/product/chokhol-zakhisniy-rmc-dlya-mashinki-premium-hot-wheels-clear-white-noviy
[2025-11-07 06:35:07] Немає SKU: Напій Hot Wheels Race Drink 250ml | URL: https://retromagaz.com/product/napiy-hot-wheels-race-drink-tutti-frutti-250ml
[2025-11-07 06:35:07] Немає SKU: Чохол Захисний RMC Для Машинки Тематична Hot Wheels та Matchbox | URL: https://retromagaz.com/product/chokhol-zakhisniy-rmc-dlya-mashinki-tematichna-hot-wheels-clear-white-noviy
[2025-11-07 06:35:08] Немає SKU: Машинка Базова Hot Wheels в Асортименті 1:64 5785 | URL: https://retromagaz.com/product/mashinka-bazova-hot-wheels-v-asortimenti-164-1sht-noviy-1
[2025-11-07 06:35:09] Немає SKU: Чохол Захисний RMC Для Машинки Базова Hot Wheels та Matchbox | URL: https://retromagaz.com/product/chokhol-zakhisniy-rmc-dlya-mashinki-bazova-hot-wheels-clear-white-noviy
[2025-11-07 06:35:18] Немає SKU: Напій Hot Wheels Race Drink 250ml | URL: https://retromagaz.com/product/napiy-hot-wheels-race-drink-tutti-frutti-250ml
[2025-11-07 06:35:18] Немає SKU: Чохол Захисний RMC Для Машинки Тематична Hot Wheels та Matchbox | URL: https://retromagaz.com/product/chokhol-zakhisniy-rmc-dlya-mashinki-tematichna-hot-wheels-clear-white-noviy
[2025-11-07 06:35:18] Немає SKU: Чохол Захисний RMC Для Машинки Premium Hot Wheels | URL: https://retromagaz.com/product/chokhol-zakhisniy-rmc-dlya-mashinki-premium-hot-wheels-clear-white-noviy
[2025-11-07 06:35:20] Немає SKU: Чохол Захисний RMC Для Машинки Базова Hot Wheels та Matchbox | URL: https://retromagaz.com/product/chokhol-zakhisniy-rmc-dlya-mashinki-bazova-hot-wheels-clear-white-noviy
[2025-11-07 06:35:21] Немає SKU: Машинка Базова Hot Wheels в Асортименті 1:64 5785 | URL: https://retromagaz.com/product/mashinka-bazova-hot-wheels-v-asortimenti-164-1sht-noviy-1
[2025-11-07 10:37:07] Немає SKU: Машинка Велике Місто Matchbox Audi R8 Super Chase Showroom 1:64 Orange | URL: https://retromagaz.com/product/masinka-velike-misto-matchbox-audi-r8-super-chase-showroom-164-orange
[2025-11-07 10:37:08] Немає SKU: Машинка Велике Місто Matchbox 1994 Lexus LS 400 Highway 1:64 Black | URL: https://retromagaz.com/product/masinka-velike-misto-matchbox-1994-lexus-ls-400-highway-164-black
[2025-11-07 10:37:40] Немає SKU: Машинка Велике Місто Matchbox 2019 Subaru Forester Off-Road 1:64 Blue | URL: https://retromagaz.com/product/masinka-velike-misto-matchbox-2019-subaru-forester-off-road-164-blue
[2025-11-07 10:40:13] Немає SKU: Контейнер Hot Wheels на 28 Машинок 1:64 HWCC8C Blue | URL: https://retromagaz.com/product/konteiner-hot-wheels-na-28-masinok-164-hwcc8c-blue
[2025-11-07 14:09:53] Немає SKU: Контейнер Hot Wheels на 8 Машинок 1:64 HWCC8A Blue | URL: https://retromagaz.com/product/konteiner-hot-wheels-na-8-masinok-164-hwcc8a-blue
[2025-11-07 14:10:02] Немає SKU: Цукерки Жувальні Hot Wheels Gummies 100g | URL: https://retromagaz.com/product/cukerki-zuvalni-hot-wheels-gummies-100g
[2025-11-07 14:10:47] Немає SKU: Напій Hot Wheels Race Drink 250ml | URL: https://retromagaz.com/product/napiy-hot-wheels-race-drink-tutti-frutti-250ml
[2025-11-07 14:10:48] Немає SKU: Чохол Захисний RMC Для Машинки Тематична Hot Wheels та Matchbox | URL: https://retromagaz.com/product/chokhol-zakhisniy-rmc-dlya-mashinki-tematichna-hot-wheels-clear-white-noviy
[2025-11-07 14:10:49] Немає SKU: Чохол Захисний RMC Для Машинки Базова Hot Wheels та Matchbox | URL: https://retromagaz.com/product/chokhol-zakhisniy-rmc-dlya-mashinki-bazova-hot-wheels-clear-white-noviy
[2025-11-07 14:10:51] Немає SKU: Машинка Базова Hot Wheels в Асортименті 1:64 5785 | URL: https://retromagaz.com/product/mashinka-bazova-hot-wheels-v-asortimenti-164-1sht-noviy-1
[2025-11-07 14:10:51] Немає SKU: Чохол Захисний RMC Для Машинки Premium Hot Wheels | URL: https://retromagaz.com/product/chokhol-zakhisniy-rmc-dlya-mashinki-premium-hot-wheels-clear-white-noviy
[2025-11-07 14:11:01] Немає SKU: Чохол Захисний RMC Для Машинки Базова Hot Wheels та Matchbox | URL: https://retromagaz.com/product/chokhol-zakhisniy-rmc-dlya-mashinki-bazova-hot-wheels-clear-white-noviy
[2025-11-07 14:11:02] Немає SKU: Напій Hot Wheels Race Drink 250ml | URL: https://retromagaz.com/product/napiy-hot-wheels-race-drink-tutti-frutti-250ml
[2025-11-07 14:11:03] Немає SKU: Чохол Захисний RMC Для Машинки Тематична Hot Wheels та Matchbox | URL: https://retromagaz.com/product/chokhol-zakhisniy-rmc-dlya-mashinki-tematichna-hot-wheels-clear-white-noviy
[2025-11-07 14:11:04] Немає SKU: Чохол Захисний RMC Для Машинки Premium Hot Wheels | URL: https://retromagaz.com/product/chokhol-zakhisniy-rmc-dlya-mashinki-premium-hot-wheels-clear-white-noviy
[2025-11-07 14:11:05] Немає SKU: Машинка Базова Hot Wheels в Асортименті 1:64 5785 | URL: https://retromagaz.com/product/mashinka-bazova-hot-wheels-v-asortimenti-164-1sht-noviy-1
[2025-11-07 18:34:56] Немає SKU: Машинка Велике Місто Matchbox Audi R8 Super Chase Showroom 1:64 Orange | URL: https://retromagaz.com/product/masinka-velike-misto-matchbox-audi-r8-super-chase-showroom-164-orange
[2025-11-07 18:34:59] Немає SKU: Машинка Велике Місто Matchbox 1994 Lexus LS 400 Highway 1:64 Black | URL: https://retromagaz.com/product/masinka-velike-misto-matchbox-1994-lexus-ls-400-highway-164-black
[2025-11-07 18:35:32] Немає SKU: Машинка Велике Місто Matchbox 2019 Subaru Forester Off-Road 1:64 Blue | URL: https://retromagaz.com/product/masinka-velike-misto-matchbox-2019-subaru-forester-off-road-164-blue
[2025-11-07 18:38:02] Немає SKU: Контейнер Hot Wheels на 28 Машинок 1:64 HWCC8C Blue | URL: https://retromagaz.com/product/konteiner-hot-wheels-na-28-masinok-164-hwcc8c-blue
[2025-11-07 18:38:14] Немає SKU: Контейнер Hot Wheels на 8 Машинок 1:64 HWCC8A Blue | URL: https://retromagaz.com/product/konteiner-hot-wheels-na-8-masinok-164-hwcc8a-blue
[2025-11-07 18:38:24] Немає SKU: Цукерки Жувальні Hot Wheels Gummies 100g | URL: https://retromagaz.com/product/cukerki-zuvalni-hot-wheels-gummies-100g
[2025-11-07 18:39:16] Немає SKU: Напій Hot Wheels Race Drink 250ml | URL: https://retromagaz.com/product/napiy-hot-wheels-race-drink-tutti-frutti-250ml
[2025-11-07 18:39:17] Немає SKU: Машинка Базова Hot Wheels в Асортименті 1:64 5785 | URL: https://retromagaz.com/product/mashinka-bazova-hot-wheels-v-asortimenti-164-1sht-noviy-1
[2025-11-07 18:39:19] Немає SKU: Чохол Захисний RMC Для Машинки Premium Hot Wheels | URL: https://retromagaz.com/product/chokhol-zakhisniy-rmc-dlya-mashinki-premium-hot-wheels-clear-white-noviy
[2025-11-07 18:39:19] Немає SKU: Чохол Захисний RMC Для Машинки Тематична Hot Wheels та Matchbox | URL: https://retromagaz.com/product/chokhol-zakhisniy-rmc-dlya-mashinki-tematichna-hot-wheels-clear-white-noviy
[2025-11-07 18:39:21] Немає SKU: Чохол Захисний RMC Для Машинки Базова Hot Wheels та Matchbox | URL: https://retromagaz.com/product/chokhol-zakhisniy-rmc-dlya-mashinki-bazova-hot-wheels-clear-white-noviy
[2025-11-07 18:39:30] Немає SKU: Напій Hot Wheels Race Drink 250ml | URL: https://retromagaz.com/product/napiy-hot-wheels-race-drink-tutti-frutti-250ml
[2025-11-07 18:39:31] Немає SKU: Чохол Захисний RMC Для Машинки Базова Hot Wheels та Matchbox | URL: https://retromagaz.com/product/chokhol-zakhisniy-rmc-dlya-mashinki-bazova-hot-wheels-clear-white-noviy
[2025-11-07 18:39:32] Немає SKU: Чохол Захисний RMC Для Машинки Тематична Hot Wheels та Matchbox | URL: https://retromagaz.com/product/chokhol-zakhisniy-rmc-dlya-mashinki-tematichna-hot-wheels-clear-white-noviy
[2025-11-07 18:39:32] Немає SKU: Чохол Захисний RMC Для Машинки Premium Hot Wheels | URL: https://retromagaz.com/product/chokhol-zakhisniy-rmc-dlya-mashinki-premium-hot-wheels-clear-white-noviy
[2025-11-07 18:39:33] Немає SKU: Машинка Базова Hot Wheels в Асортименті 1:64 5785 | URL: https://retromagaz.com/product/mashinka-bazova-hot-wheels-v-asortimenti-164-1sht-noviy-1
[2025-11-08 06:35:20] Немає SKU: Машинка Велике Місто Matchbox 1994 Lexus LS 400 Highway 1:64 Black | URL: https://retromagaz.com/product/masinka-velike-misto-matchbox-1994-lexus-ls-400-highway-164-black
[2025-11-08 06:35:59] Немає SKU: Машинка Велике Місто Matchbox 2019 Subaru Forester Off-Road 1:64 Blue | URL: https://retromagaz.com/product/masinka-velike-misto-matchbox-2019-subaru-forester-off-road-164-blue
[2025-11-08 06:36:09] Немає SKU: Цукерки Жувальні Hot Wheels Gummies 100g | URL: https://retromagaz.com/product/cukerki-zuvalni-hot-wheels-gummies-100g
[2025-11-08 06:36:29] Немає SKU: Контейнер Hot Wheels на 8 Машинок 1:64 HWCC8A Blue | URL: https://retromagaz.com/product/konteiner-hot-wheels-na-8-masinok-164-hwcc8a-blue
[2025-11-08 06:37:01] Немає SKU: Контейнер Hot Wheels на 28 Машинок 1:64 HWCC8C Blue | URL: https://retromagaz.com/product/konteiner-hot-wheels-na-28-masinok-164-hwcc8c-blue
[2025-11-08 06:37:19] Немає SKU: Машинка Велике Місто Matchbox Audi R8 Super Chase Showroom 1:64 Orange | URL: https://retromagaz.com/product/masinka-velike-misto-matchbox-audi-r8-super-chase-showroom-164-orange
[2025-11-08 06:37:48] Немає SKU: Чохол Захисний RMC Для Машинки Базова Hot Wheels та Matchbox | URL: https://retromagaz.com/product/chokhol-zakhisniy-rmc-dlya-mashinki-bazova-hot-wheels-clear-white-noviy
[2025-11-08 06:37:51] Немає SKU: Напій Hot Wheels Race Drink 250ml | URL: https://retromagaz.com/product/napiy-hot-wheels-race-drink-tutti-frutti-250ml
[2025-11-08 06:37:51] Немає SKU: Чохол Захисний RMC Для Машинки Тематична Hot Wheels та Matchbox | URL: https://retromagaz.com/product/chokhol-zakhisniy-rmc-dlya-mashinki-tematichna-hot-wheels-clear-white-noviy
[2025-11-08 06:37:51] Немає SKU: Чохол Захисний RMC Для Машинки Premium Hot Wheels | URL: https://retromagaz.com/product/chokhol-zakhisniy-rmc-dlya-mashinki-premium-hot-wheels-clear-white-noviy
[2025-11-08 06:37:51] Немає SKU: Машинка Базова Hot Wheels в Асортименті 1:64 5785 | URL: https://retromagaz.com/product/mashinka-bazova-hot-wheels-v-asortimenti-164-1sht-noviy-1
[2025-11-08 06:37:59] Немає SKU: Машинка Базова Hot Wheels в Асортименті 1:64 5785 | URL: https://retromagaz.com/product/mashinka-bazova-hot-wheels-v-asortimenti-164-1sht-noviy-1
[2025-11-08 06:38:00] Немає SKU: Напій Hot Wheels Race Drink 250ml | URL: https://retromagaz.com/product/napiy-hot-wheels-race-drink-tutti-frutti-250ml
[2025-11-08 06:38:01] Немає SKU: Чохол Захисний RMC Для Машинки Тематична Hot Wheels та Matchbox | URL: https://retromagaz.com/product/chokhol-zakhisniy-rmc-dlya-mashinki-tematichna-hot-wheels-clear-white-noviy
[2025-11-08 06:38:02] Немає SKU: Чохол Захисний RMC Для Машинки Базова Hot Wheels та Matchbox | URL: https://retromagaz.com/product/chokhol-zakhisniy-rmc-dlya-mashinki-bazova-hot-wheels-clear-white-noviy
[2025-11-08 06:38:03] Немає SKU: Чохол Захисний RMC Для Машинки Premium Hot Wheels | URL: https://retromagaz.com/product/chokhol-zakhisniy-rmc-dlya-mashinki-premium-hot-wheels-clear-white-noviy
[2025-11-08 14:15:36] Немає SKU: Чохол Захисний RMC Для Машинки Premium Hot Wheels | URL: https://retromagaz.com/product/chokhol-zakhisniy-rmc-dlya-mashinki-premium-hot-wheels-clear-white-noviy
[2025-11-08 14:15:37] Немає SKU: Машинка Базова Hot Wheels в Асортименті 1:64 5785 | URL: https://retromagaz.com/product/mashinka-bazova-hot-wheels-v-asortimenti-164-1sht-noviy-1
[2025-11-08 14:15:38] Немає SKU: Напій Hot Wheels Race Drink 250ml | URL: https://retromagaz.com/product/napiy-hot-wheels-race-drink-tutti-frutti-250ml
[2025-11-08 14:15:39] Немає SKU: Чохол Захисний RMC Для Машинки Тематична Hot Wheels та Matchbox | URL: https://retromagaz.com/product/chokhol-zakhisniy-rmc-dlya-mashinki-tematichna-hot-wheels-clear-white-noviy
[2025-11-08 14:15:41] Немає SKU: Чохол Захисний RMC Для Машинки Базова Hot Wheels та Matchbox | URL: https://retromagaz.com/product/chokhol-zakhisniy-rmc-dlya-mashinki-bazova-hot-wheels-clear-white-noviy
[2025-11-08 14:15:48] Немає SKU: Напій Hot Wheels Race Drink 250ml | URL: https://retromagaz.com/product/napiy-hot-wheels-race-drink-tutti-frutti-250ml
[2025-11-08 14:15:49] Немає SKU: Машинка Базова Hot Wheels в Асортименті 1:64 5785 | URL: https://retromagaz.com/product/mashinka-bazova-hot-wheels-v-asortimenti-164-1sht-noviy-1
[2025-11-08 14:15:50] Немає SKU: Чохол Захисний RMC Для Машинки Базова Hot Wheels та Matchbox | URL: https://retromagaz.com/product/chokhol-zakhisniy-rmc-dlya-mashinki-bazova-hot-wheels-clear-white-noviy
[2025-11-08 14:15:51] Немає SKU: Чохол Захисний RMC Для Машинки Тематична Hot Wheels та Matchbox | URL: https://retromagaz.com/product/chokhol-zakhisniy-rmc-dlya-mashinki-tematichna-hot-wheels-clear-white-noviy
[2025-11-08 14:15:52] Немає SKU: Чохол Захисний RMC Для Машинки Premium Hot Wheels | URL: https://retromagaz.com/product/chokhol-zakhisniy-rmc-dlya-mashinki-premium-hot-wheels-clear-white-noviy
[2025-11-08 18:30:23] Немає SKU: Машинка Велике Місто Matchbox 1994 Lexus LS 400 Highway 1:64 Black | URL: https://retromagaz.com/product/masinka-velike-misto-matchbox-1994-lexus-ls-400-highway-164-black
[2025-11-08 18:31:01] Немає SKU: Машинка Велике Місто Matchbox 2019 Subaru Forester Off-Road 1:64 Blue | URL: https://retromagaz.com/product/masinka-velike-misto-matchbox-2019-subaru-forester-off-road-164-blue
[2025-11-08 18:31:11] Немає SKU: Цукерки Жувальні Hot Wheels Gummies 100g | URL: https://retromagaz.com/product/cukerki-zuvalni-hot-wheels-gummies-100g
[2025-11-08 18:31:35] Немає SKU: Контейнер Hot Wheels на 8 Машинок 1:64 HWCC8A Blue | URL: https://retromagaz.com/product/konteiner-hot-wheels-na-8-masinok-164-hwcc8a-blue
[2025-11-08 18:32:08] Немає SKU: Контейнер Hot Wheels на 28 Машинок 1:64 HWCC8C Blue | URL: https://retromagaz.com/product/konteiner-hot-wheels-na-28-masinok-164-hwcc8c-blue
[2025-11-08 18:32:18] Немає SKU: Машинка Велике Місто Matchbox Audi R8 Super Chase Showroom 1:64 Orange | URL: https://retromagaz.com/product/masinka-velike-misto-matchbox-audi-r8-super-chase-showroom-164-orange
[2025-11-08 22:19:30] Немає SKU: Напій Hot Wheels Race Drink 250ml | URL: https://retromagaz.com/product/napiy-hot-wheels-race-drink-tutti-frutti-250ml
[2025-11-08 22:19:30] Немає SKU: Чохол Захисний RMC Для Машинки Premium Hot Wheels | URL: https://retromagaz.com/product/chokhol-zakhisniy-rmc-dlya-mashinki-premium-hot-wheels-clear-white-noviy
[2025-11-08 22:19:33] Немає SKU: Чохол Захисний RMC Для Машинки Тематична Hot Wheels та Matchbox | URL: https://retromagaz.com/product/chokhol-zakhisniy-rmc-dlya-mashinki-tematichna-hot-wheels-clear-white-noviy
[2025-11-08 22:19:33] Немає SKU: Машинка Базова Hot Wheels в Асортименті 1:64 5785 | URL: https://retromagaz.com/product/mashinka-bazova-hot-wheels-v-asortimenti-164-1sht-noviy-1
[2025-11-08 22:19:34] Немає SKU: Чохол Захисний RMC Для Машинки Базова Hot Wheels та Matchbox | URL: https://retromagaz.com/product/chokhol-zakhisniy-rmc-dlya-mashinki-bazova-hot-wheels-clear-white-noviy
[2025-11-08 22:19:41] Немає SKU: Машинка Базова Hot Wheels в Асортименті 1:64 5785 | URL: https://retromagaz.com/product/mashinka-bazova-hot-wheels-v-asortimenti-164-1sht-noviy-1
[2025-11-08 22:19:43] Немає SKU: Чохол Захисний RMC Для Машинки Тематична Hot Wheels та Matchbox | URL: https://retromagaz.com/product/chokhol-zakhisniy-rmc-dlya-mashinki-tematichna-hot-wheels-clear-white-noviy
[2025-11-08 22:19:44] Немає SKU: Чохол Захисний RMC Для Машинки Premium Hot Wheels | URL: https://retromagaz.com/product/chokhol-zakhisniy-rmc-dlya-mashinki-premium-hot-wheels-clear-white-noviy
[2025-11-08 22:19:45] Немає SKU: Напій Hot Wheels Race Drink 250ml | URL: https://retromagaz.com/product/napiy-hot-wheels-race-drink-tutti-frutti-250ml
[2025-11-08 22:19:46] Немає SKU: Чохол Захисний RMC Для Машинки Базова Hot Wheels та Matchbox | URL: https://retromagaz.com/product/chokhol-zakhisniy-rmc-dlya-mashinki-bazova-hot-wheels-clear-white-noviy
[2025-11-09 10:27:37] Немає SKU: Машинка Велике Місто Matchbox 1994 Lexus LS 400 Highway 1:64 Black | URL: https://retromagaz.com/product/masinka-velike-misto-matchbox-1994-lexus-ls-400-highway-164-black
[2025-11-09 10:27:47] Немає SKU: Машинка Велике Місто Matchbox Audi R8 Super Chase Showroom 1:64 Orange | URL: https://retromagaz.com/product/masinka-velike-misto-matchbox-audi-r8-super-chase-showroom-164-orange
[2025-11-09 10:28:26] Немає SKU: Машинка Велике Місто Matchbox 2019 Subaru Forester Off-Road 1:64 Blue | URL: https://retromagaz.com/product/masinka-velike-misto-matchbox-2019-subaru-forester-off-road-164-blue
[2025-11-09 10:28:39] Немає SKU: Контейнер Hot Wheels на 28 Машинок 1:64 HWCC8C Blue | URL: https://retromagaz.com/product/konteiner-hot-wheels-na-28-masinok-164-hwcc8c-blue
[2025-11-09 10:28:52] Немає SKU: Контейнер Hot Wheels на 8 Машинок 1:64 HWCC8A Blue | URL: https://retromagaz.com/product/konteiner-hot-wheels-na-8-masinok-164-hwcc8a-blue
[2025-11-09 10:29:51] Немає SKU: Цукерки Жувальні Hot Wheels Gummies 100g | URL: https://retromagaz.com/product/cukerki-zuvalni-hot-wheels-gummies-100g
[2025-11-09 10:30:26] Немає SKU: Чохол Захисний RMC Для Машинки Тематична Hot Wheels та Matchbox | URL: https://retromagaz.com/product/chokhol-zakhisniy-rmc-dlya-mashinki-tematichna-hot-wheels-clear-white-noviy
[2025-11-09 10:30:26] Немає SKU: Машинка Базова Hot Wheels в Асортименті 1:64 5785 | URL: https://retromagaz.com/product/mashinka-bazova-hot-wheels-v-asortimenti-164-1sht-noviy-1
[2025-11-09 10:30:27] Немає SKU: Чохол Захисний RMC Для Машинки Базова Hot Wheels та Matchbox | URL: https://retromagaz.com/product/chokhol-zakhisniy-rmc-dlya-mashinki-bazova-hot-wheels-clear-white-noviy
[2025-11-09 10:30:28] Немає SKU: Чохол Захисний RMC Для Машинки Premium Hot Wheels | URL: https://retromagaz.com/product/chokhol-zakhisniy-rmc-dlya-mashinki-premium-hot-wheels-clear-white-noviy
[2025-11-09 10:30:29] Немає SKU: Напій Hot Wheels Race Drink 250ml | URL: https://retromagaz.com/product/napiy-hot-wheels-race-drink-tutti-frutti-250ml
[2025-11-09 10:30:40] Немає SKU: Чохол Захисний RMC Для Машинки Тематична Hot Wheels та Matchbox | URL: https://retromagaz.com/product/chokhol-zakhisniy-rmc-dlya-mashinki-tematichna-hot-wheels-clear-white-noviy
[2025-11-09 10:30:41] Немає SKU: Машинка Базова Hot Wheels в Асортименті 1:64 5785 | URL: https://retromagaz.com/product/mashinka-bazova-hot-wheels-v-asortimenti-164-1sht-noviy-1
[2025-11-09 10:30:43] Немає SKU: Напій Hot Wheels Race Drink 250ml | URL: https://retromagaz.com/product/napiy-hot-wheels-race-drink-tutti-frutti-250ml
[2025-11-09 10:30:43] Немає SKU: Чохол Захисний RMC Для Машинки Базова Hot Wheels та Matchbox | URL: https://retromagaz.com/product/chokhol-zakhisniy-rmc-dlya-mashinki-bazova-hot-wheels-clear-white-noviy
[2025-11-09 10:30:43] Немає SKU: Чохол Захисний RMC Для Машинки Premium Hot Wheels | URL: https://retromagaz.com/product/chokhol-zakhisniy-rmc-dlya-mashinki-premium-hot-wheels-clear-white-noviy
[2025-11-09 10:34:05] Помилка на сторінці https://retromagaz.com/product/masinka-premium-hot-wheels-haas-f1-team-vf-24-20-formula-one-collection-164-jbm10-black: ('Connection aborted.', RemoteDisconnected('Remote end closed connection without response'))
[2025-11-09 18:26:01] Немає SKU: Машинка Велике Місто Matchbox 1994 Lexus LS 400 Highway 1:64 Black | URL: https://retromagaz.com/product/masinka-velike-misto-matchbox-1994-lexus-ls-400-highway-164-black
[2025-11-09 18:26:13] Немає SKU: Машинка Велике Місто Matchbox Audi R8 Super Chase Showroom 1:64 Orange | URL: https://retromagaz.com/product/masinka-velike-misto-matchbox-audi-r8-super-chase-showroom-164-orange
[2025-11-09 18:26:48] Немає SKU: Машинка Велике Місто Matchbox 2019 Subaru Forester Off-Road 1:64 Blue | URL: https://retromagaz.com/product/masinka-velike-misto-matchbox-2019-subaru-forester-off-road-164-blue
[2025-11-09 18:26:59] Немає SKU: Контейнер Hot Wheels на 28 Машинок 1:64 HWCC8C Blue | URL: https://retromagaz.com/product/konteiner-hot-wheels-na-28-masinok-164-hwcc8c-blue
[2025-11-09 18:27:10] Немає SKU: Контейнер Hot Wheels на 8 Машинок 1:64 HWCC8A Blue | URL: https://retromagaz.com/product/konteiner-hot-wheels-na-8-masinok-164-hwcc8a-blue
[2025-11-09 18:28:06] Немає SKU: Цукерки Жувальні Hot Wheels Gummies 100g | URL: https://retromagaz.com/product/cukerki-zuvalni-hot-wheels-gummies-100g
[2025-11-09 18:28:41] Немає SKU: Напій Hot Wheels Race Drink 250ml | URL: https://retromagaz.com/product/napiy-hot-wheels-race-drink-tutti-frutti-250ml
[2025-11-09 18:28:41] Немає SKU: Чохол Захисний RMC Для Машинки Базова Hot Wheels та Matchbox | URL: https://retromagaz.com/product/chokhol-zakhisniy-rmc-dlya-mashinki-bazova-hot-wheels-clear-white-noviy
[2025-11-09 18:28:41] Немає SKU: Чохол Захисний RMC Для Машинки Premium Hot Wheels | URL: https://retromagaz.com/product/chokhol-zakhisniy-rmc-dlya-mashinki-premium-hot-wheels-clear-white-noviy
[2025-11-09 18:28:42] Немає SKU: Машинка Базова Hot Wheels в Асортименті 1:64 5785 | URL: https://retromagaz.com/product/mashinka-bazova-hot-wheels-v-asortimenti-164-1sht-noviy-1
[2025-11-09 18:28:42] Немає SKU: Чохол Захисний RMC Для Машинки Тематична Hot Wheels та Matchbox | URL: https://retromagaz.com/product/chokhol-zakhisniy-rmc-dlya-mashinki-tematichna-hot-wheels-clear-white-noviy
[2025-11-09 18:28:49] Немає SKU: Напій Hot Wheels Race Drink 250ml | URL: https://retromagaz.com/product/napiy-hot-wheels-race-drink-tutti-frutti-250ml
[2025-11-09 18:28:53] Немає SKU: Чохол Захисний RMC Для Машинки Тематична Hot Wheels та Matchbox | URL: https://retromagaz.com/product/chokhol-zakhisniy-rmc-dlya-mashinki-tematichna-hot-wheels-clear-white-noviy
[2025-11-09 18:28:55] Немає SKU: Машинка Базова Hot Wheels в Асортименті 1:64 5785 | URL: https://retromagaz.com/product/mashinka-bazova-hot-wheels-v-asortimenti-164-1sht-noviy-1
[2025-11-09 18:28:55] Немає SKU: Чохол Захисний RMC Для Машинки Premium Hot Wheels | URL: https://retromagaz.com/product/chokhol-zakhisniy-rmc-dlya-mashinki-premium-hot-wheels-clear-white-noviy
[2025-11-09 18:28:55] Немає SKU: Чохол Захисний RMC Для Машинки Базова Hot Wheels та Matchbox | URL: https://retromagaz.com/product/chokhol-zakhisniy-rmc-dlya-mashinki-bazova-hot-wheels-clear-white-noviy
